unityLibrary/build/intermediates/manifest_merge_blame_file/debug/manifest-merger-blame-debug-report.txt
1<?xml version="1.0" encoding="utf-8"?>
2<manifest xmlns:android="http://schemas.android.com/apk/res/android"
3    xmlns:tools="http://schemas.android.com/tools"
4    package="com.unity3d.player" >
5
6    <uses-sdk android:minSdkVersion="22" />
6-->src\main\AndroidManifest.xml
7
8    <uses-feature android:glEsVersion="0x00030000" />
8-->src\main\AndroidManifest.xml:26:3-52
8-->src\main\AndroidManifest.xml:26:17-49
9
10    <uses-permission android:name="android.permission.INTERNET" />
10-->src\main\AndroidManifest.xml:27:3-65
10-->src\main\AndroidManifest.xml:27:20-62
11
12    <uses-feature
12-->src\main\AndroidManifest.xml:28:3-88
13        android:name="android.hardware.touchscreen"
13-->src\main\AndroidManifest.xml:28:17-60
14        android:required="false" />
14-->src\main\AndroidManifest.xml:28:61-85
15
16    <application
16-->src\main\AndroidManifest.xml:3:3-25:17
17        android:extractNativeLibs="true"
17-->src\main\AndroidManifest.xml:3:16-48
18        android:isGame="true" >
18-->src\main\AndroidManifest.xml:3:49-70
19        <activity
19-->src\main\AndroidManifest.xml:4:5-19:16
20            android:name="com.unity3d.player.UnityPlayerActivity"
20-->src\main\AndroidManifest.xml:4:15-68
21            android:configChanges="mcc|mnc|locale|touchscreen|keyboard|keyboardHidden|navigation|orientation|screenLayout|uiMode|screenSize|smallestScreenSize|fontScale|layoutDirection|density"
21-->src\main\AndroidManifest.xml:8:9-190
22            android:exported="true"
22-->src\main\AndroidManifest.xml:11:9-32
23            android:hardwareAccelerated="false"
23-->src\main\AndroidManifest.xml:10:9-44
24            android:launchMode="singleTask"
24-->src\main\AndroidManifest.xml:7:9-40
25            android:resizeableActivity="false"
25-->src\main\AndroidManifest.xml:9:9-43
26            android:screenOrientation="landscape"
26-->src\main\AndroidManifest.xml:6:9-46
27            android:theme="@style/UnityThemeSelector" >
27-->src\main\AndroidManifest.xml:5:9-50
28            <intent-filter>
28-->src\main\AndroidManifest.xml:12:7-16:23
29                <action android:name="android.intent.action.MAIN" />
29-->src\main\AndroidManifest.xml:13:9-61
29-->src\main\AndroidManifest.xml:13:17-58
30
31                <category android:name="android.intent.category.LAUNCHER" />
31-->src\main\AndroidManifest.xml:14:9-69
31-->src\main\AndroidManifest.xml:14:19-66
32                <category android:name="android.intent.category.LEANBACK_LAUNCHER" />
32-->src\main\AndroidManifest.xml:15:9-78
32-->src\main\AndroidManifest.xml:15:19-75
33            </intent-filter>
34
35            <meta-data
35-->src\main\AndroidManifest.xml:17:7-82
36                android:name="unityplayer.UnityActivity"
36-->src\main\AndroidManifest.xml:17:18-58
37                android:value="true" />
37-->src\main\AndroidManifest.xml:17:59-79
38            <meta-data
38-->src\main\AndroidManifest.xml:18:7-78
39                android:name="android.notch_support"
39-->src\main\AndroidManifest.xml:18:18-54
40                android:value="true" />
40-->src\main\AndroidManifest.xml:18:55-75
41        </activity>
42
43        <meta-data
43-->src\main\AndroidManifest.xml:20:5-69
44            android:name="unity.splash-mode"
44-->src\main\AndroidManifest.xml:20:16-48
45            android:value="2" />
45-->src\main\AndroidManifest.xml:20:49-66
46        <meta-data
46-->src\main\AndroidManifest.xml:21:5-74
47            android:name="unity.splash-enable"
47-->src\main\AndroidManifest.xml:21:16-50
48            android:value="True" />
48-->src\main\AndroidManifest.xml:21:51-71
49        <meta-data
49-->src\main\AndroidManifest.xml:22:5-78
50            android:name="unity.launch-fullscreen"
50-->src\main\AndroidManifest.xml:22:16-54
51            android:value="True" />
51-->src\main\AndroidManifest.xml:22:55-75
52        <meta-data
52-->src\main\AndroidManifest.xml:23:5-84
53            android:name="unity.allow-resizable-window"
53-->src\main\AndroidManifest.xml:23:16-59
54            android:value="False" />
54-->src\main\AndroidManifest.xml:23:60-81
55        <meta-data
55-->src\main\AndroidManifest.xml:24:5-81
56            android:name="notch.config"
56-->src\main\AndroidManifest.xml:24:16-43
57            android:value="portrait|landscape" />
57-->src\main\AndroidManifest.xml:24:44-78
58    </application>
59
60</manifest>